<?xml version="1.0" encoding="UTF-8"?>
<testng-results ignored="0" total="1" passed="1" failed="0" skipped="0">
  <reporter-output>
  </reporter-output>
  <suite started-at="2019-03-29T10:09:13Z" name="Default suite" finished-at="2019-03-29T10:09:30Z" duration-ms="16559">
    <groups>
    </groups>
    <test started-at="2019-03-29T10:09:13Z" name="Default test" finished-at="2019-03-29T10:09:30Z" duration-ms="16559">
      <class name="com.bankguru99.TestCaseExample">
        <test-method is-config="true" signature="beforeClass()[pri:0, instance:com.bankguru99.TestCaseExample@6c40365c]" started-at="2019-03-29T17:09:13Z" name="beforeClass" finished-at="2019-03-29T17:09:30Z" duration-ms="16529" status="PASS">
          <reporter-output>
          </reporter-output>
        </test-method> <!-- beforeClass -->
        <test-method signature="f()[pri:0, instance:com.bankguru99.TestCaseExample@6c40365c]" started-at="2019-03-29T17:09:30Z" name="f" finished-at="2019-03-29T17:09:30Z" duration-ms="6" status="PASS">
          <reporter-output>
          </reporter-output>
        </test-method> <!-- f -->
        <test-method is-config="true" signature="afterClass()[pri:0, instance:com.bankguru99.TestCaseExample@6c40365c]" started-at="2019-03-29T17:09:30Z" name="afterClass" finished-at="2019-03-29T17:09:30Z" duration-ms="1" status="PASS">
          <reporter-output>
          </reporter-output>
        </test-method> <!-- afterClass -->
      </class> <!-- com.bankguru99.TestCaseExample -->
    </test> <!-- Default test -->
  </suite> <!-- Default suite -->
</testng-results>
